<?xml version="1.0" encoding="UTF-8"?>
<!-- Generated by org.testng.reporters.JUnitReportReporter -->
<testsuite skipped="1" hostname="vbecirov-m5530" name="com.teckro.tests.CheckAvailability" tests="4" failures="0" timestamp="15 Mar 2020 20:09:33 GMT" time="0.077" errors="0">
  <testcase name="checkAvailabilitySendStringInsteadOfDate" time="0.021" classname="com.teckro.tests.CheckAvailability"/>
  <testcase name="checkAvailabilityInValidDateFormatTwo" time="0.030" classname="com.teckro.tests.CheckAvailability"/>
  <testcase name="checkAvailabilityValidDate" time="0.026" classname="com.teckro.tests.CheckAvailability"/>
  <testcase name="checkAvailabilityInValidDateFormat" classname="com.teckro.tests.CheckAvailability">
    <skipped/>
  </testcase> <!-- checkAvailabilityInValidDateFormat -->
</testsuite> <!-- com.teckro.tests.CheckAvailability -->
