<?xml version="1.0" encoding="UTF-8"?>
<!-- Generated by org.testng.reporters.JUnitReportReporter -->
<testsuite skipped="1" hostname="vbecirov-m5530" name="com.teckro.tests.BookRoom" tests="4" failures="0" timestamp="15 Mar 2020 20:09:33 GMT" time="2.122" errors="0">
  <testcase name="bookRoomOneDay" time="0.393" classname="com.teckro.tests.BookRoom"/>
  <testcase name="bookRoomInvalidDate" time="1.686" classname="com.teckro.tests.BookRoom"/>
  <testcase name="bookRoomTwoDays" time="0.043" classname="com.teckro.tests.BookRoom"/>
  <testcase name="bookRoomLessThanDay" classname="com.teckro.tests.BookRoom">
    <skipped/>
  </testcase> <!-- bookRoomLessThanDay -->
</testsuite> <!-- com.teckro.tests.BookRoom -->
