<?xml version="1.0" encoding="UTF-8"?>
<testsuite name="com.leaseplan.tests.Arrivals" tests="2" skipped="0" failures="0" errors="0" timestamp="2021-01-25T22:22:20" hostname="vbecirov-m5530" time="0.878">
  <properties/>
  <testcase name="allArrivalsBerlin" classname="com.leaseplan.tests.Arrivals" time="0.823"/>
  <testcase name="allArrivalsBerlinInvalidDate" classname="com.leaseplan.tests.Arrivals" time="0.003"/>
  <system-out><![CDATA[]]></system-out>
  <system-err><![CDATA[]]></system-err>
</testsuite>
